<?xml version="1.0" encoding="UTF-8"?>
<!-- Generated by org.testng.reporters.JUnitReportReporter -->
<testsuite hostname="Phaedros" name="net.groot.data.InvocationNewsTest" tests="21" failures="0" timestamp="25 Feb 2020 02:53:03 GMT" time="9.698" errors="0">
  <testcase name="invokeProvider" time="0.001" classname="net.groot.data.InvocationNewsTest"/>
  <testcase name="invokeProvider" time="0.004" classname="net.groot.data.InvocationNewsTest"/>
  <testcase name="mathError" time="0.002" classname="net.groot.data.InvocationNewsTest"/>
  <testcase name="mathError" time="0.002" classname="net.groot.data.InvocationNewsTest"/>
  <testcase name="math" time="0.004" classname="net.groot.data.InvocationNewsTest"/>
  <testcase name="mathError" time="0.001" classname="net.groot.data.InvocationNewsTest"/>
  <testcase name="mathError" time="0.001" classname="net.groot.data.InvocationNewsTest"/>
  <testcase name="invokeProvider" time="0.005" classname="net.groot.data.InvocationNewsTest"/>
  <testcase name="webParameterTest" time="9.642" classname="net.groot.data.InvocationNewsTest"/>
  <testcase name="mathError" time="0.001" classname="net.groot.data.InvocationNewsTest"/>
  <testcase name="invokeProvider" time="0.005" classname="net.groot.data.InvocationNewsTest"/>
  <testcase name="mathError" time="0.005" classname="net.groot.data.InvocationNewsTest"/>
  <testcase name="mathError" time="0.001" classname="net.groot.data.InvocationNewsTest"/>
  <testcase name="math" time="0.007" classname="net.groot.data.InvocationNewsTest"/>
  <testcase name="mathError" time="0.002" classname="net.groot.data.InvocationNewsTest"/>
  <testcase name="invokeProvider" time="0.003" classname="net.groot.data.InvocationNewsTest"/>
  <testcase name="invokeProvider" time="0.000" classname="net.groot.data.InvocationNewsTest"/>
  <testcase name="mathError" time="0.002" classname="net.groot.data.InvocationNewsTest"/>
  <testcase name="SearchBarMethod" time="0.005" classname="net.groot.data.InvocationNewsTest"/>
  <testcase name="math" time="0.004" classname="net.groot.data.InvocationNewsTest"/>
  <testcase name="mathError" time="0.001" classname="net.groot.data.InvocationNewsTest"/>
</testsuite> <!-- net.groot.data.InvocationNewsTest -->
