<?xml version="1.0" encoding="UTF-8"?>
<!-- Generated by org.testng.reporters.JUnitReportReporter -->
<testsuite hostname="Phaedros" name="net.groot.data.InvocationCountTest" tests="30" failures="0" timestamp="23 Feb 2020 01:07:40 GMT" time="0.046" errors="0">
  <testcase name="sum" time="0.002" classname="net.groot.data.InvocationCountTest"/>
  <testcase name="invokeProvider" time="0.001" classname="net.groot.data.InvocationCountTest"/>
  <testcase name="invokeProvider" time="0.001" classname="net.groot.data.InvocationCountTest"/>
  <testcase name="invokeProvider" time="0.002" classname="net.groot.data.InvocationCountTest"/>
  <testcase name="invokeProvider" time="0.002" classname="net.groot.data.InvocationCountTest"/>
  <testcase name="sum" time="0.002" classname="net.groot.data.InvocationCountTest"/>
  <testcase name="invokeProvider" time="0.003" classname="net.groot.data.InvocationCountTest"/>
  <testcase name="invokeProvider" time="0.001" classname="net.groot.data.InvocationCountTest"/>
  <testcase name="invokeProvider" time="0.003" classname="net.groot.data.InvocationCountTest"/>
  <testcase name="invokeProvider" time="0.001" classname="net.groot.data.InvocationCountTest"/>
  <testcase name="sum" time="0.002" classname="net.groot.data.InvocationCountTest"/>
  <testcase name="invokeProvider" time="0.001" classname="net.groot.data.InvocationCountTest"/>
  <testcase name="invokeProvider" time="0.001" classname="net.groot.data.InvocationCountTest"/>
  <testcase name="invokeProvider" time="0.002" classname="net.groot.data.InvocationCountTest"/>
  <testcase name="invokeProvider" time="0.001" classname="net.groot.data.InvocationCountTest"/>
  <testcase name="invokeProvider" time="0.002" classname="net.groot.data.InvocationCountTest"/>
  <testcase name="sum" time="0.002" classname="net.groot.data.InvocationCountTest"/>
  <testcase name="sum" time="0.000" classname="net.groot.data.InvocationCountTest"/>
  <testcase name="sum" time="0.001" classname="net.groot.data.InvocationCountTest"/>
  <testcase name="invokeProvider" time="0.001" classname="net.groot.data.InvocationCountTest"/>
  <testcase name="sum" time="0.000" classname="net.groot.data.InvocationCountTest"/>
  <testcase name="invokeProvider" time="0.002" classname="net.groot.data.InvocationCountTest"/>
  <testcase name="invokeProvider" time="0.003" classname="net.groot.data.InvocationCountTest"/>
  <testcase name="invokeProvider" time="0.001" classname="net.groot.data.InvocationCountTest"/>
  <testcase name="invokeProvider" time="0.002" classname="net.groot.data.InvocationCountTest"/>
  <testcase name="invokeProvider" time="0.001" classname="net.groot.data.InvocationCountTest"/>
  <testcase name="invokeProvider" time="0.004" classname="net.groot.data.InvocationCountTest"/>
  <testcase name="sum" time="0.000" classname="net.groot.data.InvocationCountTest"/>
  <testcase name="sum" time="0.001" classname="net.groot.data.InvocationCountTest"/>
  <testcase name="sum" time="0.001" classname="net.groot.data.InvocationCountTest"/>
</testsuite> <!-- net.groot.data.InvocationCountTest -->
